*** Using Compiler 'V5.06 update 7 (build 960)', folder: 'D:\keil_5.33\ARM\ARMCC\Bin'
Build target 'CtrlBoard-H7_IMU'
assembling startup_stm32h723xx.s...
compiling stm32h7xx_hal_cortex.c...
compiling fdcan.c...
compiling stm32h7xx_hal_msp.c...
compiling freertos.c...
compiling stm32h7xx_hal_timebase_tim.c...
compiling spi.c...
compiling stm32h7xx_it.c...
compiling main.c...
compiling dma.c...
compiling gpio.c...
compiling tim.c...
compiling stm32h7xx_hal_rcc.c...
compiling stm32h7xx_hal_hsem.c...
compiling stm32h7xx_hal_rcc_ex.c...
compiling stm32h7xx_hal_flash.c...
compiling stm32h7xx_hal_pwr.c...
compiling stm32h7xx_hal_gpio.c...
compiling stm32h7xx_hal_mdma.c...
compiling stm32h7xx_hal_flash_ex.c...
compiling stm32h7xx_hal_pwr_ex.c...
compiling stm32h7xx_hal_dma_ex.c...
compiling stm32h7xx_hal_dma.c...
compiling stm32h7xx_hal.c...
compiling stm32h7xx_hal_i2c.c...
compiling stm32h7xx_hal_i2c_ex.c...
compiling stm32h7xx_hal_exti.c...
compiling QuaternionEKF.c...
compiling kalman_filter.c...
compiling stm32h7xx_hal_fdcan.c...
compiling stm32h7xx_hal_spi_ex.c...
compiling stm32h7xx_hal_spi.c...
compiling event_groups.c...
compiling croutine.c...
compiling list.c...
compiling queue.c...
compiling stream_buffer.c...
compiling tasks.c...
compiling timers.c...
compiling heap_4.c...
compiling system_stm32h7xx.c...
compiling BMI088driver.c...
compiling port.c...
compiling cmsis_os.c...
compiling BMI088Middleware.c...
compiling stm32h7xx_hal_tim_ex.c...
compiling stm32h7xx_hal_tim.c...
compiling dm4310_drv.c...
compiling mahony_filter.c...
compiling VMC_calc.c...
compiling pid.c...
compiling user_lib.c...
..\User\Lib\user_lib.c(409): warning:  #1-D: last line of file ends without a newline
  }
..\User\Lib\user_lib.c: 1 warning, 0 errors
compiling INS_task.c...
compiling observe_task.c...
compiling can_bsp.c...
compiling bsp_dwt.c...
compiling chassisR_task.c...
compiling chassisL_task.c...
compiling bsp_PWM.c...
compiling ps2_task.c...
compiling controller.c...
linking...
Program Size: Code=54380 RO-data=3196 RW-data=812 ZI-data=36660  
FromELF: creating hex file...
"CtrlBoard-H7_IMU\CtrlBoard-H7_IMU.axf" - 0 Error(s), 1 Warning(s).
Build Time Elapsed:  00:01:34
